e:\qt demo\chikvisionmonitor\chikvisionmonitor\generatedfiles\ui_calarmdevice.h
e:\qt demo\chikvisionmonitor\chikvisionmonitor\generatedfiles\ui_cdevicemanagement.h
e:\qt demo\chikvisionmonitor\chikvisionmonitor\generatedfiles\ui_chikvisionmonitor.h
e:\qt demo\chikvisionmonitor\chikvisionmonitor\generatedfiles\qrc_chikvisionmonitor.cpp
e:\qt demo\chikvisionmonitor\chikvisionmonitor\generatedfiles\debug\moc_chikvisionmonitor.cpp
e:\qt demo\chikvisionmonitor\chikvisionmonitor\generatedfiles\debug\moc_mylabel.cpp
e:\qt demo\chikvisionmonitor\chikvisionmonitor\generatedfiles\debug\moc_cdevicemanagement.cpp
e:\qt demo\chikvisionmonitor\chikvisionmonitor\generatedfiles\debug\moc_deviceinit.cpp
e:\qt demo\chikvisionmonitor\chikvisionmonitor\generatedfiles\debug\moc_alarmdevice.cpp
e:\qt demo\chikvisionmonitor\chikvisionmonitor\debug\deviceinit.obj
e:\qt demo\chikvisionmonitor\chikvisionmonitor\debug\main.obj
e:\qt demo\chikvisionmonitor\chikvisionmonitor\debug\alarmdevice.obj
e:\qt demo\chikvisionmonitor\chikvisionmonitor\debug\mylabel.obj
e:\qt demo\chikvisionmonitor\chikvisionmonitor\debug\cdevicemanagement.obj
e:\qt demo\chikvisionmonitor\chikvisionmonitor\debug\monitordatabase.obj
e:\qt demo\chikvisionmonitor\chikvisionmonitor\debug\chikvisionmonitor.obj
e:\qt demo\chikvisionmonitor\chikvisionmonitor\debug\vc140.pdb
e:\qt demo\chikvisionmonitor\chikvisionmonitor\debug\moc_chikvisionmonitor.obj
e:\qt demo\chikvisionmonitor\chikvisionmonitor\debug\moc_mylabel.obj
e:\qt demo\chikvisionmonitor\chikvisionmonitor\debug\moc_alarmdevice.obj
e:\qt demo\chikvisionmonitor\chikvisionmonitor\debug\qrc_chikvisionmonitor.obj
e:\qt demo\chikvisionmonitor\chikvisionmonitor\debug\moc_deviceinit.obj
e:\qt demo\chikvisionmonitor\chikvisionmonitor\debug\moc_cdevicemanagement.obj
e:\qt demo\chikvisionmonitor\win32\debug\chikvisionmonitor.ilk
e:\qt demo\chikvisionmonitor\win32\debug\chikvisionmonitor.exe
e:\qt demo\chikvisionmonitor\win32\debug\chikvisionmonitor.pdb
e:\qt demo\chikvisionmonitor\chikvisionmonitor\.\generatedfiles\debug\moc_chikvisionmonitor.cpp
e:\qt demo\chikvisionmonitor\chikvisionmonitor\.\generatedfiles\debug\moc_mylabel.cpp
e:\qt demo\chikvisionmonitor\chikvisionmonitor\.\generatedfiles\debug\moc_cdevicemanagement.cpp
e:\qt demo\chikvisionmonitor\chikvisionmonitor\.\generatedfiles\debug\moc_deviceinit.cpp
e:\qt demo\chikvisionmonitor\chikvisionmonitor\.\generatedfiles\debug\moc_alarmdevice.cpp
e:\qt demo\chikvisionmonitor\chikvisionmonitor\.\generatedfiles\qrc_chikvisionmonitor.cpp
e:\qt demo\chikvisionmonitor\chikvisionmonitor\.\generatedfiles\ui_calarmdevice.h
e:\qt demo\chikvisionmonitor\chikvisionmonitor\.\generatedfiles\ui_cdevicemanagement.h
e:\qt demo\chikvisionmonitor\chikvisionmonitor\.\generatedfiles\ui_chikvisionmonitor.h
e:\qt demo\chikvisionmonitor\chikvisionmonitor\debug\chikvisi.b12702ad.tlog\chikvisionmonitor.write.1u.tlog
e:\qt demo\chikvisionmonitor\chikvisionmonitor\debug\chikvisi.b12702ad.tlog\cl.command.1.tlog
e:\qt demo\chikvisionmonitor\chikvisionmonitor\debug\chikvisi.b12702ad.tlog\cl.read.1.tlog
e:\qt demo\chikvisionmonitor\chikvisionmonitor\debug\chikvisi.b12702ad.tlog\cl.write.1.tlog
e:\qt demo\chikvisionmonitor\chikvisionmonitor\debug\chikvisi.b12702ad.tlog\link.command.1.tlog
e:\qt demo\chikvisionmonitor\chikvisionmonitor\debug\chikvisi.b12702ad.tlog\link.read.1.tlog
e:\qt demo\chikvisionmonitor\chikvisionmonitor\debug\chikvisi.b12702ad.tlog\link.write.1.tlog
e:\qt demo\chikvisionmonitor\chikvisionmonitor\debug\chikvisi.b12702ad.tlog\moc.read.1u.tlog
e:\qt demo\chikvisionmonitor\chikvisionmonitor\debug\chikvisi.b12702ad.tlog\moc.write.1u.tlog
e:\qt demo\chikvisionmonitor\chikvisionmonitor\debug\chikvisi.b12702ad.tlog\rcc.read.1u.tlog
e:\qt demo\chikvisionmonitor\chikvisionmonitor\debug\chikvisi.b12702ad.tlog\rcc.write.1u.tlog
e:\qt demo\chikvisionmonitor\chikvisionmonitor\debug\chikvisi.b12702ad.tlog\uic.read.1u.tlog
e:\qt demo\chikvisionmonitor\chikvisionmonitor\debug\chikvisi.b12702ad.tlog\uic.write.1u.tlog
